<?xml version="1.0" encoding="UTF-8"?>
<testsuite name="com.example.test.con.conTest" tests="1" skipped="0" failures="0" errors="0" timestamp="2021-10-24T12:35:31" hostname="choejunseong-ui-MacBookPro.local" time="0.109">
  <properties/>
  <testcase name="test" classname="com.example.test.con.conTest" time="0.109"/>
  <system-out><![CDATA[2021-10-24 21:35:04.348  INFO 56068 --- [    Test worker] b.t.a.o.j.DataJpaTestContextBootstrapper : Neither @ContextConfiguration nor @ContextHierarchy found for test class [com.example.test.con.conTest], using SpringBootContextLoader
2021-10-24 21:35:04.349  INFO 56068 --- [    Test worker] o.s.t.c.support.AbstractContextLoader    : Could not detect default resource locations for test class [com.example.test.con.conTest]: no resource found for suffixes {-context.xml, Context.groovy}.
2021-10-24 21:35:04.349  INFO 56068 --- [    Test worker] t.c.s.AnnotationConfigContextLoaderUtils : Could not detect default configuration classes for test class [com.example.test.con.conTest]: conTest does not declare any static, non-private, non-final, nested classes annotated with @Configuration.
2021-10-24 21:35:04.375  INFO 56068 --- [    Test worker] .b.t.c.SpringBootTestContextBootstrapper : Found @SpringBootConfiguration com.example.test.TestApplication for test class com.example.test.con.conTest
2021-10-24 21:35:04.377  INFO 56068 --- [    Test worker] b.t.a.o.j.DataJpaTestContextBootstrapper : Loaded default TestExecutionListener class names from location [META-INF/spring.factories]: [org.springframework.boot.test.autoconfigure.restdocs.RestDocsTestExecutionListener, org.springframework.boot.test.autoconfigure.web.client.MockRestServiceServerResetTestExecutionListener, org.springframework.boot.test.autoconfigure.web.servlet.MockMvcPrintOnlyOnFailureTestExecutionListener, org.springframework.boot.test.autoconfigure.web.servlet.WebDriverTestExecutionListener, org.springframework.boot.test.autoconfigure.webservices.client.MockWebServiceServerTestExecutionListener, org.springframework.boot.test.mock.mockito.MockitoTestExecutionListener, org.springframework.boot.test.mock.mockito.ResetMocksTestExecutionListener, org.springframework.test.context.web.ServletTestExecutionListener, org.springframework.test.context.support.DirtiesContextBeforeModesTestExecutionListener, org.springframework.test.context.event.ApplicationEventsTestExecutionListener, org.springframework.test.context.support.DependencyInjectionTestExecutionListener, org.springframework.test.context.support.DirtiesContextTestExecutionListener, org.springframework.test.context.transaction.TransactionalTestExecutionListener, org.springframework.test.context.jdbc.SqlScriptsTestExecutionListener, org.springframework.test.context.event.EventPublishingTestExecutionListener]
2021-10-24 21:35:04.377  INFO 56068 --- [    Test worker] b.t.a.o.j.DataJpaTestContextBootstrapper : Using TestExecutionListeners: [org.springframework.test.context.web.ServletTestExecutionListener@6822d1b5, org.springframework.test.context.support.DirtiesContextBeforeModesTestExecutionListener@3e24ca3, org.springframework.test.context.event.ApplicationEventsTestExecutionListener@4b88b87e, org.springframework.boot.test.mock.mockito.MockitoTestExecutionListener@55185858, org.springframework.boot.test.autoconfigure.SpringBootDependencyInjectionTestExecutionListener@2bc98437, org.springframework.test.context.support.DirtiesContextTestExecutionListener@3a5f52b9, org.springframework.test.context.transaction.TransactionalTestExecutionListener@341a56c4, org.springframework.test.context.jdbc.SqlScriptsTestExecutionListener@23571287, org.springframework.test.context.event.EventPublishingTestExecutionListener@44d8d2e6, org.springframework.boot.test.autoconfigure.restdocs.RestDocsTestExecutionListener@4d29a5e, org.springframework.boot.test.autoconfigure.web.client.MockRestServiceServerResetTestExecutionListener@62984076, org.springframework.boot.test.autoconfigure.web.servlet.MockMvcPrintOnlyOnFailureTestExecutionListener@7940b588, org.springframework.boot.test.autoconfigure.web.servlet.WebDriverTestExecutionListener@7b0d07a4, org.springframework.boot.test.autoconfigure.webservices.client.MockWebServiceServerTestExecutionListener@6b9d72f1, org.springframework.boot.test.mock.mockito.ResetMocksTestExecutionListener@4b261404]

  .   ____          _            __ _ _
 /\\ / ___'_ __ _ _(_)_ __  __ _ \ \ \ \
( ( )\___ | '_ | '_| | '_ \/ _` | \ \ \ \
 \\/  ___)| |_)| | | | | || (_| |  ) ) ) )
  '  |____| .__|_| |_|_| |_\__, | / / / /
 =========|_|==============|___/=/_/_/_/
 :: Spring Boot ::                (v2.5.3)

2021-10-24 21:35:04.425  INFO 56068 --- [    Test worker] com.example.test.con.conTest             : Starting conTest using Java 11.0.11 on choejunseong-ui-MacBookPro.local with PID 56068 (started by backtony in /Users/backtony/Desktop/test)
2021-10-24 21:35:04.425  INFO 56068 --- [    Test worker] com.example.test.con.conTest             : The following profiles are active: test
2021-10-24 21:35:04.525  INFO 56068 --- [    Test worker] .s.d.r.c.RepositoryConfigurationDelegate : Bootstrapping Spring Data JPA repositories in DEFAULT mode.
2021-10-24 21:35:04.533  INFO 56068 --- [    Test worker] .s.d.r.c.RepositoryConfigurationDelegate : Finished Spring Data repository scanning in 7 ms. Found 1 JPA repository interfaces.
2021-10-24 21:35:04.625  INFO 56068 --- [    Test worker] o.hibernate.jpa.internal.util.LogHelper  : HHH000204: Processing PersistenceUnitInfo [name: default]
2021-10-24 21:35:04.628 DEBUG 56068 --- [    Test worker] org.hibernate.type.BasicTypeRegistry     : Adding type registration boolean -> org.hibernate.type.BooleanType@5bb99f91
2021-10-24 21:35:04.628 DEBUG 56068 --- [    Test worker] org.hibernate.type.BasicTypeRegistry     : Adding type registration boolean -> org.hibernate.type.BooleanType@5bb99f91
2021-10-24 21:35:04.628 DEBUG 56068 --- [    Test worker] org.hibernate.type.BasicTypeRegistry     : Adding type registration java.lang.Boolean -> org.hibernate.type.BooleanType@5bb99f91
2021-10-24 21:35:04.628 DEBUG 56068 --- [    Test worker] org.hibernate.type.BasicTypeRegistry     : Adding type registration numeric_boolean -> org.hibernate.type.NumericBooleanType@baca1bc
2021-10-24 21:35:04.629 DEBUG 56068 --- [    Test worker] org.hibernate.type.BasicTypeRegistry     : Adding type registration true_false -> org.hibernate.type.TrueFalseType@5d5d6d3e
2021-10-24 21:35:04.629 DEBUG 56068 --- [    Test worker] org.hibernate.type.BasicTypeRegistry     : Adding type registration yes_no -> org.hibernate.type.YesNoType@fae9fee
2021-10-24 21:35:04.629 DEBUG 56068 --- [    Test worker] org.hibernate.type.BasicTypeRegistry     : Adding type registration byte -> org.hibernate.type.ByteType@36da8b73
2021-10-24 21:35:04.629 DEBUG 56068 --- [    Test worker] org.hibernate.type.BasicTypeRegistry     : Adding type registration byte -> org.hibernate.type.ByteType@36da8b73
2021-10-24 21:35:04.629 DEBUG 56068 --- [    Test worker] org.hibernate.type.BasicTypeRegistry     : Adding type registration java.lang.Byte -> org.hibernate.type.ByteType@36da8b73
2021-10-24 21:35:04.629 DEBUG 56068 --- [    Test worker] org.hibernate.type.BasicTypeRegistry     : Adding type registration character -> org.hibernate.type.CharacterType@317c780e
2021-10-24 21:35:04.630 DEBUG 56068 --- [    Test worker] org.hibernate.type.BasicTypeRegistry     : Adding type registration char -> org.hibernate.type.CharacterType@317c780e
2021-10-24 21:35:04.630 DEBUG 56068 --- [    Test worker] org.hibernate.type.BasicTypeRegistry     : Adding type registration java.lang.Character -> org.hibernate.type.CharacterType@317c780e
2021-10-24 21:35:04.630 DEBUG 56068 --- [    Test worker] org.hibernate.type.BasicTypeRegistry     : Adding type registration short -> org.hibernate.type.ShortType@6ed9d514
2021-10-24 21:35:04.630 DEBUG 56068 --- [    Test worker] org.hibernate.type.BasicTypeRegistry     : Adding type registration short -> org.hibernate.type.ShortType@6ed9d514
2021-10-24 21:35:04.630 DEBUG 56068 --- [    Test worker] org.hibernate.type.BasicTypeRegistry     : Adding type registration java.lang.Short -> org.hibernate.type.ShortType@6ed9d514
2021-10-24 21:35:04.631 DEBUG 56068 --- [    Test worker] org.hibernate.type.BasicTypeRegistry     : Adding type registration integer -> org.hibernate.type.IntegerType@4c0eaded
2021-10-24 21:35:04.631 DEBUG 56068 --- [    Test worker] org.hibernate.type.BasicTypeRegistry     : Adding type registration int -> org.hibernate.type.IntegerType@4c0eaded
2021-10-24 21:35:04.631 DEBUG 56068 --- [    Test worker] org.hibernate.type.BasicTypeRegistry     : Adding type registration java.lang.Integer -> org.hibernate.type.IntegerType@4c0eaded
2021-10-24 21:35:04.631 DEBUG 56068 --- [    Test worker] org.hibernate.type.BasicTypeRegistry     : Adding type registration long -> org.hibernate.type.LongType@5876bbb4
2021-10-24 21:35:04.631 DEBUG 56068 --- [    Test worker] org.hibernate.type.BasicTypeRegistry     : Adding type registration long -> org.hibernate.type.LongType@5876bbb4
2021-10-24 21:35:04.631 DEBUG 56068 --- [    Test worker] org.hibernate.type.BasicTypeRegistry     : Adding type registration java.lang.Long -> org.hibernate.type.LongType@5876bbb4
2021-10-24 21:35:04.632 DEBUG 56068 --- [    Test worker] org.hibernate.type.BasicTypeRegistry     : Adding type registration float -> org.hibernate.type.FloatType@6cc920a7
2021-10-24 21:35:04.632 DEBUG 56068 --- [    Test worker] org.hibernate.type.BasicTypeRegistry     : Adding type registration float -> org.hibernate.type.FloatType@6cc920a7
2021-10-24 21:35:04.632 DEBUG 56068 --- [    Test worker] org.hibernate.type.BasicTypeRegistry     : Adding type registration java.lang.Float -> org.hibernate.type.FloatType@6cc920a7
2021-10-24 21:35:04.632 DEBUG 56068 --- [    Test worker] org.hibernate.type.BasicTypeRegistry     : Adding type registration double -> org.hibernate.type.DoubleType@4ed949c8
2021-10-24 21:35:04.632 DEBUG 56068 --- [    Test worker] org.hibernate.type.BasicTypeRegistry     : Adding type registration double -> org.hibernate.type.DoubleType@4ed949c8
2021-10-24 21:35:04.632 DEBUG 56068 --- [    Test worker] org.hibernate.type.BasicTypeRegistry     : Adding type registration java.lang.Double -> org.hibernate.type.DoubleType@4ed949c8
2021-10-24 21:35:04.632 DEBUG 56068 --- [    Test worker] org.hibernate.type.BasicTypeRegistry     : Adding type registration big_decimal -> org.hibernate.type.BigDecimalType@1073ad16
2021-10-24 21:35:04.632 DEBUG 56068 --- [    Test worker] org.hibernate.type.BasicTypeRegistry     : Adding type registration java.math.BigDecimal -> org.hibernate.type.BigDecimalType@1073ad16
2021-10-24 21:35:04.632 DEBUG 56068 --- [    Test worker] org.hibernate.type.BasicTypeRegistry     : Adding type registration big_integer -> org.hibernate.type.BigIntegerType@37da8da0
2021-10-24 21:35:04.633 DEBUG 56068 --- [    Test worker] org.hibernate.type.BasicTypeRegistry     : Adding type registration java.math.BigInteger -> org.hibernate.type.BigIntegerType@37da8da0
2021-10-24 21:35:04.633 DEBUG 56068 --- [    Test worker] org.hibernate.type.BasicTypeRegistry     : Adding type registration string -> org.hibernate.type.StringType@2928e2a4
2021-10-24 21:35:04.633 DEBUG 56068 --- [    Test worker] org.hibernate.type.BasicTypeRegistry     : Adding type registration java.lang.String -> org.hibernate.type.StringType@2928e2a4
2021-10-24 21:35:04.633 DEBUG 56068 --- [    Test worker] org.hibernate.type.BasicTypeRegistry     : Adding type registration nstring -> org.hibernate.type.StringNVarcharType@504cc7b0
2021-10-24 21:35:04.633 DEBUG 56068 --- [    Test worker] org.hibernate.type.BasicTypeRegistry     : Adding type registration ncharacter -> org.hibernate.type.CharacterNCharType@3864b3ab
2021-10-24 21:35:04.634 DEBUG 56068 --- [    Test worker] org.hibernate.type.BasicTypeRegistry     : Adding type registration url -> org.hibernate.type.UrlType@492773e2
2021-10-24 21:35:04.634 DEBUG 56068 --- [    Test worker] org.hibernate.type.BasicTypeRegistry     : Adding type registration java.net.URL -> org.hibernate.type.UrlType@492773e2
2021-10-24 21:35:04.634 DEBUG 56068 --- [    Test worker] org.hibernate.type.BasicTypeRegistry     : Adding type registration Duration -> org.hibernate.type.DurationType@24abc9ee
2021-10-24 21:35:04.634 DEBUG 56068 --- [    Test worker] org.hibernate.type.BasicTypeRegistry     : Adding type registration java.time.Duration -> org.hibernate.type.DurationType@24abc9ee
2021-10-24 21:35:04.634 DEBUG 56068 --- [    Test worker] org.hibernate.type.BasicTypeRegistry     : Adding type registration Instant -> org.hibernate.type.InstantType@412bbee8
2021-10-24 21:35:04.634 DEBUG 56068 --- [    Test worker] org.hibernate.type.BasicTypeRegistry     : Adding type registration java.time.Instant -> org.hibernate.type.InstantType@412bbee8
2021-10-24 21:35:04.635 DEBUG 56068 --- [    Test worker] org.hibernate.type.BasicTypeRegistry     : Adding type registration LocalDateTime -> org.hibernate.type.LocalDateTimeType@351f2c8a
2021-10-24 21:35:04.635 DEBUG 56068 --- [    Test worker] org.hibernate.type.BasicTypeRegistry     : Adding type registration java.time.LocalDateTime -> org.hibernate.type.LocalDateTimeType@351f2c8a
2021-10-24 21:35:04.635 DEBUG 56068 --- [    Test worker] org.hibernate.type.BasicTypeRegistry     : Adding type registration LocalDate -> org.hibernate.type.LocalDateType@2d16f62d
2021-10-24 21:35:04.635 DEBUG 56068 --- [    Test worker] org.hibernate.type.BasicTypeRegistry     : Adding type registration java.time.LocalDate -> org.hibernate.type.LocalDateType@2d16f62d
2021-10-24 21:35:04.635 DEBUG 56068 --- [    Test worker] org.hibernate.type.BasicTypeRegistry     : Adding type registration LocalTime -> org.hibernate.type.LocalTimeType@21737268
2021-10-24 21:35:04.635 DEBUG 56068 --- [    Test worker] org.hibernate.type.BasicTypeRegistry     : Adding type registration java.time.LocalTime -> org.hibernate.type.LocalTimeType@21737268
2021-10-24 21:35:04.636 DEBUG 56068 --- [    Test worker] org.hibernate.type.BasicTypeRegistry     : Adding type registration OffsetDateTime -> org.hibernate.type.OffsetDateTimeType@ba443f4
2021-10-24 21:35:04.636 DEBUG 56068 --- [    Test worker] org.hibernate.type.BasicTypeRegistry     : Adding type registration java.time.OffsetDateTime -> org.hibernate.type.OffsetDateTimeType@ba443f4
2021-10-24 21:35:04.636 DEBUG 56068 --- [    Test worker] org.hibernate.type.BasicTypeRegistry     : Adding type registration OffsetTime -> org.hibernate.type.OffsetTimeType@6660a374
2021-10-24 21:35:04.636 DEBUG 56068 --- [    Test worker] org.hibernate.type.BasicTypeRegistry     : Adding type registration java.time.OffsetTime -> org.hibernate.type.OffsetTimeType@6660a374
2021-10-24 21:35:04.636 DEBUG 56068 --- [    Test worker] org.hibernate.type.BasicTypeRegistry     : Adding type registration ZonedDateTime -> org.hibernate.type.ZonedDateTimeType@603850d3
2021-10-24 21:35:04.636 DEBUG 56068 --- [    Test worker] org.hibernate.type.BasicTypeRegistry     : Adding type registration java.time.ZonedDateTime -> org.hibernate.type.ZonedDateTimeType@603850d3
2021-10-24 21:35:04.637 DEBUG 56068 --- [    Test worker] org.hibernate.type.BasicTypeRegistry     : Adding type registration date -> org.hibernate.type.DateType@27a9b997
2021-10-24 21:35:04.637 DEBUG 56068 --- [    Test worker] org.hibernate.type.BasicTypeRegistry     : Adding type registration java.sql.Date -> org.hibernate.type.DateType@27a9b997
2021-10-24 21:35:04.637 DEBUG 56068 --- [    Test worker] org.hibernate.type.BasicTypeRegistry     : Adding type registration time -> org.hibernate.type.TimeType@4b18e37b
2021-10-24 21:35:04.637 DEBUG 56068 --- [    Test worker] org.hibernate.type.BasicTypeRegistry     : Adding type registration java.sql.Time -> org.hibernate.type.TimeType@4b18e37b
2021-10-24 21:35:04.637 DEBUG 56068 --- [    Test worker] org.hibernate.type.BasicTypeRegistry     : Adding type registration timestamp -> org.hibernate.type.TimestampType@61a57ded
2021-10-24 21:35:04.637 DEBUG 56068 --- [    Test worker] org.hibernate.type.BasicTypeRegistry     : Adding type registration java.sql.Timestamp -> org.hibernate.type.TimestampType@61a57ded
2021-10-24 21:35:04.637 DEBUG 56068 --- [    Test worker] org.hibernate.type.BasicTypeRegistry     : Adding type registration java.util.Date -> org.hibernate.type.TimestampType@61a57ded
2021-10-24 21:35:04.638 DEBUG 56068 --- [    Test worker] org.hibernate.type.BasicTypeRegistry     : Adding type registration dbtimestamp -> org.hibernate.type.DbTimestampType@41bc1e1c
2021-10-24 21:35:04.638 DEBUG 56068 --- [    Test worker] org.hibernate.type.BasicTypeRegistry     : Adding type registration calendar -> org.hibernate.type.CalendarType@de49a95
2021-10-24 21:35:04.638 DEBUG 56068 --- [    Test worker] org.hibernate.type.BasicTypeRegistry     : Adding type registration java.util.Calendar -> org.hibernate.type.CalendarType@de49a95
2021-10-24 21:35:04.638 DEBUG 56068 --- [    Test worker] org.hibernate.type.BasicTypeRegistry     : Adding type registration java.util.GregorianCalendar -> org.hibernate.type.CalendarType@de49a95
2021-10-24 21:35:04.638 DEBUG 56068 --- [    Test worker] org.hibernate.type.BasicTypeRegistry     : Adding type registration calendar_date -> org.hibernate.type.CalendarDateType@203670ba
2021-10-24 21:35:04.638 DEBUG 56068 --- [    Test worker] org.hibernate.type.BasicTypeRegistry     : Adding type registration calendar_time -> org.hibernate.type.CalendarTimeType@5f1c8ae1
2021-10-24 21:35:04.638 DEBUG 56068 --- [    Test worker] org.hibernate.type.BasicTypeRegistry     : Adding type registration locale -> org.hibernate.type.LocaleType@9aa0601
2021-10-24 21:35:04.639 DEBUG 56068 --- [    Test worker] org.hibernate.type.BasicTypeRegistry     : Adding type registration java.util.Locale -> org.hibernate.type.LocaleType@9aa0601
2021-10-24 21:35:04.639 DEBUG 56068 --- [    Test worker] org.hibernate.type.BasicTypeRegistry     : Adding type registration currency -> org.hibernate.type.CurrencyType@4626d0c9
2021-10-24 21:35:04.639 DEBUG 56068 --- [    Test worker] org.hibernate.type.BasicTypeRegistry     : Adding type registration java.util.Currency -> org.hibernate.type.CurrencyType@4626d0c9
2021-10-24 21:35:04.639 DEBUG 56068 --- [    Test worker] org.hibernate.type.BasicTypeRegistry     : Adding type registration timezone -> org.hibernate.type.TimeZoneType@78243d9e
2021-10-24 21:35:04.639 DEBUG 56068 --- [    Test worker] org.hibernate.type.BasicTypeRegistry     : Adding type registration java.util.TimeZone -> org.hibernate.type.TimeZoneType@78243d9e
2021-10-24 21:35:04.639 DEBUG 56068 --- [    Test worker] org.hibernate.type.BasicTypeRegistry     : Adding type registration class -> org.hibernate.type.ClassType@4601a204
2021-10-24 21:35:04.639 DEBUG 56068 --- [    Test worker] org.hibernate.type.BasicTypeRegistry     : Adding type registration java.lang.Class -> org.hibernate.type.ClassType@4601a204
2021-10-24 21:35:04.640 DEBUG 56068 --- [    Test worker] org.hibernate.type.BasicTypeRegistry     : Adding type registration uuid-binary -> org.hibernate.type.UUIDBinaryType@69544e90
2021-10-24 21:35:04.640 DEBUG 56068 --- [    Test worker] org.hibernate.type.BasicTypeRegistry     : Adding type registration java.util.UUID -> org.hibernate.type.UUIDBinaryType@69544e90
2021-10-24 21:35:04.640 DEBUG 56068 --- [    Test worker] org.hibernate.type.BasicTypeRegistry     : Adding type registration uuid-char -> org.hibernate.type.UUIDCharType@1ac00512
2021-10-24 21:35:04.640 DEBUG 56068 --- [    Test worker] org.hibernate.type.BasicTypeRegistry     : Adding type registration binary -> org.hibernate.type.BinaryType@40a0b09a
2021-10-24 21:35:04.640 DEBUG 56068 --- [    Test worker] org.hibernate.type.BasicTypeRegistry     : Adding type registration byte[] -> org.hibernate.type.BinaryType@40a0b09a
2021-10-24 21:35:04.640 DEBUG 56068 --- [    Test worker] org.hibernate.type.BasicTypeRegistry     : Adding type registration [B -> org.hibernate.type.BinaryType@40a0b09a
2021-10-24 21:35:04.641 DEBUG 56068 --- [    Test worker] org.hibernate.type.BasicTypeRegistry     : Adding type registration wrapper-binary -> org.hibernate.type.WrapperBinaryType@4c39c0ae
2021-10-24 21:35:04.641 DEBUG 56068 --- [    Test worker] org.hibernate.type.BasicTypeRegistry     : Adding type registration Byte[] -> org.hibernate.type.WrapperBinaryType@4c39c0ae
2021-10-24 21:35:04.641 DEBUG 56068 --- [    Test worker] org.hibernate.type.BasicTypeRegistry     : Adding type registration [Ljava.lang.Byte; -> org.hibernate.type.WrapperBinaryType@4c39c0ae
2021-10-24 21:35:04.641 DEBUG 56068 --- [    Test worker] org.hibernate.type.BasicTypeRegistry     : Adding type registration row_version -> org.hibernate.type.RowVersionType@4a600ded
2021-10-24 21:35:04.641 DEBUG 56068 --- [    Test worker] org.hibernate.type.BasicTypeRegistry     : Adding type registration image -> org.hibernate.type.ImageType@507edc66
2021-10-24 21:35:04.641 DEBUG 56068 --- [    Test worker] org.hibernate.type.BasicTypeRegistry     : Adding type registration characters -> org.hibernate.type.CharArrayType@454cbc55
2021-10-24 21:35:04.642 DEBUG 56068 --- [    Test worker] org.hibernate.type.BasicTypeRegistry     : Adding type registration char[] -> org.hibernate.type.CharArrayType@454cbc55
2021-10-24 21:35:04.642 DEBUG 56068 --- [    Test worker] org.hibernate.type.BasicTypeRegistry     : Adding type registration [C -> org.hibernate.type.CharArrayType@454cbc55
2021-10-24 21:35:04.642 DEBUG 56068 --- [    Test worker] org.hibernate.type.BasicTypeRegistry     : Adding type registration wrapper-characters -> org.hibernate.type.CharacterArrayType@51b84312
2021-10-24 21:35:04.642 DEBUG 56068 --- [    Test worker] org.hibernate.type.BasicTypeRegistry     : Adding type registration [Ljava.lang.Character; -> org.hibernate.type.CharacterArrayType@51b84312
2021-10-24 21:35:04.642 DEBUG 56068 --- [    Test worker] org.hibernate.type.BasicTypeRegistry     : Adding type registration Character[] -> org.hibernate.type.CharacterArrayType@51b84312
2021-10-24 21:35:04.642 DEBUG 56068 --- [    Test worker] org.hibernate.type.BasicTypeRegistry     : Adding type registration text -> org.hibernate.type.TextType@5950f12e
2021-10-24 21:35:04.642 DEBUG 56068 --- [    Test worker] org.hibernate.type.BasicTypeRegistry     : Adding type registration ntext -> org.hibernate.type.NTextType@5e95081d
2021-10-24 21:35:04.643 DEBUG 56068 --- [    Test worker] org.hibernate.type.BasicTypeRegistry     : Adding type registration blob -> org.hibernate.type.BlobType@5844ac13
2021-10-24 21:35:04.643 DEBUG 56068 --- [    Test worker] org.hibernate.type.BasicTypeRegistry     : Adding type registration java.sql.Blob -> org.hibernate.type.BlobType@5844ac13
2021-10-24 21:35:04.643 DEBUG 56068 --- [    Test worker] org.hibernate.type.BasicTypeRegistry     : Adding type registration materialized_blob -> org.hibernate.type.MaterializedBlobType@7161637d
2021-10-24 21:35:04.643 DEBUG 56068 --- [    Test worker] org.hibernate.type.BasicTypeRegistry     : Adding type registration clob -> org.hibernate.type.ClobType@1b26ccca
2021-10-24 21:35:04.643 DEBUG 56068 --- [    Test worker] org.hibernate.type.BasicTypeRegistry     : Adding type registration java.sql.Clob -> org.hibernate.type.ClobType@1b26ccca
2021-10-24 21:35:04.643 DEBUG 56068 --- [    Test worker] org.hibernate.type.BasicTypeRegistry     : Adding type registration nclob -> org.hibernate.type.NClobType@4cef4907
2021-10-24 21:35:04.644 DEBUG 56068 --- [    Test worker] org.hibernate.type.BasicTypeRegistry     : Adding type registration java.sql.NClob -> org.hibernate.type.NClobType@4cef4907
2021-10-24 21:35:04.644 DEBUG 56068 --- [    Test worker] org.hibernate.type.BasicTypeRegistry     : Adding type registration materialized_clob -> org.hibernate.type.MaterializedClobType@12e1d58c
2021-10-24 21:35:04.644 DEBUG 56068 --- [    Test worker] org.hibernate.type.BasicTypeRegistry     : Adding type registration materialized_nclob -> org.hibernate.type.MaterializedNClobType@57b9b907
2021-10-24 21:35:04.644 DEBUG 56068 --- [    Test worker] org.hibernate.type.BasicTypeRegistry     : Adding type registration serializable -> org.hibernate.type.SerializableType@c64a567
2021-10-24 21:35:04.644 DEBUG 56068 --- [    Test worker] org.hibernate.type.BasicTypeRegistry     : Adding type registration object -> org.hibernate.type.ObjectType@585e5cc8
2021-10-24 21:35:04.644 DEBUG 56068 --- [    Test worker] org.hibernate.type.BasicTypeRegistry     : Adding type registration java.lang.Object -> org.hibernate.type.ObjectType@585e5cc8
2021-10-24 21:35:04.645 DEBUG 56068 --- [    Test worker] org.hibernate.type.BasicTypeRegistry     : Adding type registration imm_date -> org.hibernate.type.AdaptedImmutableType@3569b11d
2021-10-24 21:35:04.645 DEBUG 56068 --- [    Test worker] org.hibernate.type.BasicTypeRegistry     : Adding type registration imm_time -> org.hibernate.type.AdaptedImmutableType@6045b7c0
2021-10-24 21:35:04.645 DEBUG 56068 --- [    Test worker] org.hibernate.type.BasicTypeRegistry     : Adding type registration imm_timestamp -> org.hibernate.type.AdaptedImmutableType@4908633c
2021-10-24 21:35:04.645 DEBUG 56068 --- [    Test worker] org.hibernate.type.BasicTypeRegistry     : Adding type registration imm_dbtimestamp -> org.hibernate.type.AdaptedImmutableType@4f0c690d
2021-10-24 21:35:04.645 DEBUG 56068 --- [    Test worker] org.hibernate.type.BasicTypeRegistry     : Adding type registration imm_calendar -> org.hibernate.type.AdaptedImmutableType@3715c8a8
2021-10-24 21:35:04.646 DEBUG 56068 --- [    Test worker] org.hibernate.type.BasicTypeRegistry     : Adding type registration imm_calendar_date -> org.hibernate.type.AdaptedImmutableType@7a23823d
2021-10-24 21:35:04.646 DEBUG 56068 --- [    Test worker] org.hibernate.type.BasicTypeRegistry     : Adding type registration imm_binary -> org.hibernate.type.AdaptedImmutableType@70380fc6
2021-10-24 21:35:04.646 DEBUG 56068 --- [    Test worker] org.hibernate.type.BasicTypeRegistry     : Adding type registration imm_serializable -> org.hibernate.type.AdaptedImmutableType@5cd054cd
2021-10-24 21:35:04.648  INFO 56068 --- [    Test worker] com.zaxxer.hikari.HikariDataSource       : HikariPool-2 - Starting...
2021-10-24 21:35:04.721  INFO 56068 --- [    Test worker] o.t.d.DockerClientProviderStrategy       : Loaded org.testcontainers.dockerclient.UnixSocketClientProviderStrategy from ~/.testcontainers.properties, will try it first
2021-10-24 21:35:05.631  INFO 56068 --- [    Test worker] o.t.d.DockerClientProviderStrategy       : Found Docker environment with local Unix socket (unix:///var/run/docker.sock)
2021-10-24 21:35:05.634  INFO 56068 --- [    Test worker] org.testcontainers.DockerClientFactory   : Docker host IP address is localhost
2021-10-24 21:35:05.704  INFO 56068 --- [    Test worker] org.testcontainers.DockerClientFactory   : Connected to docker: 
  Server Version: 20.10.7
  API Version: 1.41
  Operating System: Docker Desktop
  Total Memory: 1987 MB
2021-10-24 21:35:05.709  INFO 56068 --- [    Test worker] o.t.utility.ImageNameSubstitutor         : Image name substitution will be performed by: DefaultImageNameSubstitutor (composite of 'ConfigurationFileImageNameSubstitutor' and 'PrefixingImageNameSubstitutor')
2021-10-24 21:35:07.940  INFO 56068 --- [    Test worker] org.testcontainers.DockerClientFactory   : Ryuk started - will monitor and terminate Testcontainers containers on JVM exit
2021-10-24 21:35:07.940  INFO 56068 --- [    Test worker] org.testcontainers.DockerClientFactory   : Checking the system...
2021-10-24 21:35:07.941  INFO 56068 --- [    Test worker] org.testcontainers.DockerClientFactory   : ✔︎ Docker server version should be at least 1.6.0
2021-10-24 21:35:08.120  INFO 56068 --- [    Test worker] org.testcontainers.DockerClientFactory   : ✔︎ Docker environment should have more than 2GB free disk space
2021-10-24 21:35:08.149  INFO 56068 --- [    Test worker] ]]>&#x1f433;<![CDATA[ [mysql:8.0.23]                        : Creating container for image: mysql:8.0.23
2021-10-24 21:35:08.397  INFO 56068 --- [    Test worker] ]]>&#x1f433;<![CDATA[ [mysql:8.0.23]                        : Starting container with ID: 5ef5b245ff52f6a7dd940b524e8a1e560bb5ffbaceaabfc33259395bf92e6465
2021-10-24 21:35:11.150  INFO 56068 --- [    Test worker] ]]>&#x1f433;<![CDATA[ [mysql:8.0.23]                        : Container mysql:8.0.23 is starting: 5ef5b245ff52f6a7dd940b524e8a1e560bb5ffbaceaabfc33259395bf92e6465
2021-10-24 21:35:11.174  INFO 56068 --- [    Test worker] ]]>&#x1f433;<![CDATA[ [mysql:8.0.23]                        : Waiting for database connection to become available at jdbc:mysql://localhost:55288/test using query 'SELECT 1'
2021-10-24 21:35:30.982  INFO 56068 --- [    Test worker] ]]>&#x1f433;<![CDATA[ [mysql:8.0.23]                        : Container is started (JDBC URL: jdbc:mysql://localhost:55288/test)
2021-10-24 21:35:30.983  INFO 56068 --- [    Test worker] ]]>&#x1f433;<![CDATA[ [mysql:8.0.23]                        : Container mysql:8.0.23 started in PT22.856463S
2021-10-24 21:35:31.010  INFO 56068 --- [    Test worker] com.zaxxer.hikari.HikariDataSource       : HikariPool-2 - Start completed.
2021-10-24 21:35:31.014  INFO 56068 --- [    Test worker] org.hibernate.dialect.Dialect            : HHH000400: Using dialect: org.hibernate.dialect.MySQL8Dialect
2021-10-24 21:35:31.047 DEBUG 56068 --- [    Test worker] o.h.type.spi.TypeConfiguration$Scope     : Scoping TypeConfiguration [org.hibernate.type.spi.TypeConfiguration@84f780d] to MetadataBuildingContext [org.hibernate.boot.internal.MetadataBuildingContextRootImpl@630eaad3]
2021-10-24 21:35:31.056 DEBUG 56068 --- [    Test worker] o.h.type.spi.TypeConfiguration$Scope     : Scoping TypeConfiguration [org.hibernate.type.spi.TypeConfiguration@84f780d] to SessionFactoryImpl [org.hibernate.internal.SessionFactoryImpl@76f7474]
2021-10-24 21:35:31.066 DEBUG 56068 --- [    Test worker] org.hibernate.SQL                        : drop table if exists hibernate_sequence
Hibernate: drop table if exists hibernate_sequence
2021-10-24 21:35:31.091 DEBUG 56068 --- [    Test worker] org.hibernate.SQL                        : drop table if exists member
Hibernate: drop table if exists member
2021-10-24 21:35:31.107 DEBUG 56068 --- [    Test worker] org.hibernate.SQL                        : create table hibernate_sequence (next_val bigint) engine=InnoDB
Hibernate: create table hibernate_sequence (next_val bigint) engine=InnoDB
2021-10-24 21:35:31.210 DEBUG 56068 --- [    Test worker] org.hibernate.SQL                        : insert into hibernate_sequence values ( 1 )
Hibernate: insert into hibernate_sequence values ( 1 )
2021-10-24 21:35:31.238 DEBUG 56068 --- [    Test worker] org.hibernate.SQL                        : create table member (id bigint not null, name varchar(255), phone varchar(255), primary key (id)) engine=InnoDB
Hibernate: create table member (id bigint not null, name varchar(255), phone varchar(255), primary key (id)) engine=InnoDB
2021-10-24 21:35:31.296  INFO 56068 --- [    Test worker] o.h.e.t.j.p.i.JtaPlatformInitiator       : HHH000490: Using JtaPlatform implementation: [org.hibernate.engine.transaction.jta.platform.internal.NoJtaPlatform]
2021-10-24 21:35:31.297 TRACE 56068 --- [    Test worker] o.h.type.spi.TypeConfiguration$Scope     : Handling #sessionFactoryCreated from [org.hibernate.internal.SessionFactoryImpl@76f7474] for TypeConfiguration
2021-10-24 21:35:31.297  INFO 56068 --- [    Test worker] j.LocalContainerEntityManagerFactoryBean : Initialized JPA EntityManagerFactory for persistence unit 'default'
2021-10-24 21:35:31.439  INFO 56068 --- [    Test worker] com.example.test.con.conTest             : Started conTest in 27.059 seconds (JVM running for 33.126)
2021-10-24 21:35:31.461  INFO 56068 --- [    Test worker] o.s.t.c.transaction.TransactionContext   : Began transaction (1) for test context [DefaultTestContext@7f025d08 testClass = conTest, testInstance = com.example.test.con.conTest@3512619c, testMethod = test@conTest, testException = [null], mergedContextConfiguration = [MergedContextConfiguration@284870f1 testClass = conTest, locations = '{}', classes = '{class com.example.test.TestApplication}', contextInitializerClasses = '[]', activeProfiles = '{test}', propertySourceLocations = '{}', propertySourceProperties = '{org.springframework.boot.test.autoconfigure.orm.jpa.DataJpaTestContextBootstrapper=true}', contextCustomizers = set[org.springframework.boot.test.autoconfigure.OverrideAutoConfigurationContextCustomizerFactory$DisableAutoConfigurationContextCustomizer@1ee80e5d, org.springframework.boot.test.autoconfigure.actuate.metrics.MetricsExportContextCustomizerFactory$DisableMetricExportContextCustomizer@5beb5e3e, org.springframework.boot.test.autoconfigure.filter.TypeExcludeFiltersContextCustomizer@351584c0, org.springframework.boot.test.autoconfigure.properties.PropertyMappingContextCustomizer@6d0230c0, org.springframework.boot.test.autoconfigure.web.servlet.WebDriverContextCustomizerFactory$Customizer@164379c6, [ImportsContextCustomizer@4991abef key = [org.springframework.boot.autoconfigure.cache.CacheAutoConfiguration, org.springframework.boot.autoconfigure.data.jpa.JpaRepositoriesAutoConfiguration, org.springframework.boot.autoconfigure.flyway.FlywayAutoConfiguration, org.springframework.boot.autoconfigure.jdbc.DataSourceAutoConfiguration, org.springframework.boot.autoconfigure.jdbc.DataSourceTransactionManagerAutoConfiguration, org.springframework.boot.autoconfigure.jdbc.JdbcTemplateAutoConfiguration, org.springframework.boot.autoconfigure.liquibase.LiquibaseAutoConfiguration, org.springframework.boot.autoconfigure.orm.jpa.HibernateJpaAutoConfiguration, org.springframework.boot.autoconfigure.sql.init.SqlInitializationAutoConfiguration, org.springframework.boot.autoconfigure.transaction.TransactionAutoConfiguration, org.springframework.boot.test.autoconfigure.jdbc.TestDatabaseAutoConfiguration, org.springframework.boot.test.autoconfigure.orm.jpa.TestEntityManagerAutoConfiguration]], org.springframework.boot.test.context.filter.ExcludeFilterContextCustomizer@3e3f29dd, org.springframework.boot.test.json.DuplicateJsonObjectContextCustomizerFactory$DuplicateJsonObjectContextCustomizer@37430702, org.springframework.boot.test.mock.mockito.MockitoContextCustomizer@0, org.springframework.boot.test.context.SpringBootTestArgs@1, org.springframework.boot.test.context.SpringBootTestWebEnvironment@0], contextLoader = 'org.springframework.boot.test.context.SpringBootContextLoader', parent = [null]], attributes = map['org.springframework.test.context.event.ApplicationEventsTestExecutionListener.recordApplicationEvents' -> false]]; transaction manager [org.springframework.orm.jpa.JpaTransactionManager@215c8be3]; rollback [true]
2021-10-24 21:35:31.490 DEBUG 56068 --- [    Test worker] org.hibernate.SQL                        : select next_val as id_val from hibernate_sequence for update
Hibernate: select next_val as id_val from hibernate_sequence for update
2021-10-24 21:35:31.510 DEBUG 56068 --- [    Test worker] org.hibernate.SQL                        : update hibernate_sequence set next_val= ? where next_val=?
Hibernate: update hibernate_sequence set next_val= ? where next_val=?
2021-10-24 21:35:31.552  INFO 56068 --- [    Test worker] o.s.t.c.transaction.TransactionContext   : Rolled back transaction for test: [DefaultTestContext@7f025d08 testClass = conTest, testInstance = com.example.test.con.conTest@3512619c, testMethod = test@conTest, testException = [null], mergedContextConfiguration = [MergedContextConfiguration@284870f1 testClass = conTest, locations = '{}', classes = '{class com.example.test.TestApplication}', contextInitializerClasses = '[]', activeProfiles = '{test}', propertySourceLocations = '{}', propertySourceProperties = '{org.springframework.boot.test.autoconfigure.orm.jpa.DataJpaTestContextBootstrapper=true}', contextCustomizers = set[org.springframework.boot.test.autoconfigure.OverrideAutoConfigurationContextCustomizerFactory$DisableAutoConfigurationContextCustomizer@1ee80e5d, org.springframework.boot.test.autoconfigure.actuate.metrics.MetricsExportContextCustomizerFactory$DisableMetricExportContextCustomizer@5beb5e3e, org.springframework.boot.test.autoconfigure.filter.TypeExcludeFiltersContextCustomizer@351584c0, org.springframework.boot.test.autoconfigure.properties.PropertyMappingContextCustomizer@6d0230c0, org.springframework.boot.test.autoconfigure.web.servlet.WebDriverContextCustomizerFactory$Customizer@164379c6, [ImportsContextCustomizer@4991abef key = [org.springframework.boot.autoconfigure.cache.CacheAutoConfiguration, org.springframework.boot.autoconfigure.data.jpa.JpaRepositoriesAutoConfiguration, org.springframework.boot.autoconfigure.flyway.FlywayAutoConfiguration, org.springframework.boot.autoconfigure.jdbc.DataSourceAutoConfiguration, org.springframework.boot.autoconfigure.jdbc.DataSourceTransactionManagerAutoConfiguration, org.springframework.boot.autoconfigure.jdbc.JdbcTemplateAutoConfiguration, org.springframework.boot.autoconfigure.liquibase.LiquibaseAutoConfiguration, org.springframework.boot.autoconfigure.orm.jpa.HibernateJpaAutoConfiguration, org.springframework.boot.autoconfigure.sql.init.SqlInitializationAutoConfiguration, org.springframework.boot.autoconfigure.transaction.TransactionAutoConfiguration, org.springframework.boot.test.autoconfigure.jdbc.TestDatabaseAutoConfiguration, org.springframework.boot.test.autoconfigure.orm.jpa.TestEntityManagerAutoConfiguration]], org.springframework.boot.test.context.filter.ExcludeFilterContextCustomizer@3e3f29dd, org.springframework.boot.test.json.DuplicateJsonObjectContextCustomizerFactory$DuplicateJsonObjectContextCustomizer@37430702, org.springframework.boot.test.mock.mockito.MockitoContextCustomizer@0, org.springframework.boot.test.context.SpringBootTestArgs@1, org.springframework.boot.test.context.SpringBootTestWebEnvironment@0], contextLoader = 'org.springframework.boot.test.context.SpringBootContextLoader', parent = [null]], attributes = map['org.springframework.test.context.event.ApplicationEventsTestExecutionListener.recordApplicationEvents' -> false]]
]]></system-out>
  <system-err><![CDATA[]]></system-err>
</testsuite>
