<?xml version="1.0" encoding="UTF-8"?>
<testsuite name="com.example.test.TestApplicationTests" tests="1" skipped="0" failures="0" errors="0" timestamp="2021-10-24T12:35:04" hostname="choejunseong-ui-MacBookPro.local" time="0.151">
  <properties/>
  <testcase name="contextLoads()" classname="com.example.test.TestApplicationTests" time="0.151"/>
  <system-out><![CDATA[21:34:59.326 [Test worker] DEBUG org.springframework.test.context.BootstrapUtils - Instantiating CacheAwareContextLoaderDelegate from class [org.springframework.test.context.cache.DefaultCacheAwareContextLoaderDelegate]
21:34:59.342 [Test worker] DEBUG org.springframework.test.context.BootstrapUtils - Instantiating BootstrapContext using constructor [public org.springframework.test.context.support.DefaultBootstrapContext(java.lang.Class,org.springframework.test.context.CacheAwareContextLoaderDelegate)]
21:34:59.395 [Test worker] DEBUG org.springframework.test.context.BootstrapUtils - Instantiating TestContextBootstrapper for test class [com.example.test.TestApplicationTests] from class [org.springframework.boot.test.context.SpringBootTestContextBootstrapper]
21:34:59.409 [Test worker] INFO org.springframework.boot.test.context.SpringBootTestContextBootstrapper - Neither @ContextConfiguration nor @ContextHierarchy found for test class [com.example.test.TestApplicationTests], using SpringBootContextLoader
21:34:59.414 [Test worker] DEBUG org.springframework.test.context.support.AbstractContextLoader - Did not detect default resource location for test class [com.example.test.TestApplicationTests]: class path resource [com/example/test/TestApplicationTests-context.xml] does not exist
21:34:59.415 [Test worker] DEBUG org.springframework.test.context.support.AbstractContextLoader - Did not detect default resource location for test class [com.example.test.TestApplicationTests]: class path resource [com/example/test/TestApplicationTestsContext.groovy] does not exist
21:34:59.415 [Test worker] INFO org.springframework.test.context.support.AbstractContextLoader - Could not detect default resource locations for test class [com.example.test.TestApplicationTests]: no resource found for suffixes {-context.xml, Context.groovy}.
21:34:59.416 [Test worker] INFO org.springframework.test.context.support.AnnotationConfigContextLoaderUtils - Could not detect default configuration classes for test class [com.example.test.TestApplicationTests]: TestApplicationTests does not declare any static, non-private, non-final, nested classes annotated with @Configuration.
21:34:59.471 [Test worker] DEBUG org.springframework.test.context.support.ActiveProfilesUtils - Could not find an 'annotation declaring class' for annotation type [org.springframework.test.context.ActiveProfiles] and class [com.example.test.TestApplicationTests]
21:34:59.566 [Test worker] DEBUG org.springframework.context.annotation.ClassPathScanningCandidateComponentProvider - Identified candidate component class: file [/Users/backtony/Desktop/test/build/classes/java/main/com/example/test/TestApplication.class]
21:34:59.567 [Test worker] INFO org.springframework.boot.test.context.SpringBootTestContextBootstrapper - Found @SpringBootConfiguration com.example.test.TestApplication for test class com.example.test.TestApplicationTests
21:34:59.706 [Test worker] DEBUG org.springframework.boot.test.context.SpringBootTestContextBootstrapper - @TestExecutionListeners is not present for class [com.example.test.TestApplicationTests]: using defaults.
21:34:59.706 [Test worker] INFO org.springframework.boot.test.context.SpringBootTestContextBootstrapper - Loaded default TestExecutionListener class names from location [META-INF/spring.factories]: [org.springframework.boot.test.autoconfigure.restdocs.RestDocsTestExecutionListener, org.springframework.boot.test.autoconfigure.web.client.MockRestServiceServerResetTestExecutionListener, org.springframework.boot.test.autoconfigure.web.servlet.MockMvcPrintOnlyOnFailureTestExecutionListener, org.springframework.boot.test.autoconfigure.web.servlet.WebDriverTestExecutionListener, org.springframework.boot.test.autoconfigure.webservices.client.MockWebServiceServerTestExecutionListener, org.springframework.boot.test.mock.mockito.MockitoTestExecutionListener, org.springframework.boot.test.mock.mockito.ResetMocksTestExecutionListener, org.springframework.test.context.web.ServletTestExecutionListener, org.springframework.test.context.support.DirtiesContextBeforeModesTestExecutionListener, org.springframework.test.context.event.ApplicationEventsTestExecutionListener, org.springframework.test.context.support.DependencyInjectionTestExecutionListener, org.springframework.test.context.support.DirtiesContextTestExecutionListener, org.springframework.test.context.transaction.TransactionalTestExecutionListener, org.springframework.test.context.jdbc.SqlScriptsTestExecutionListener, org.springframework.test.context.event.EventPublishingTestExecutionListener]
21:34:59.729 [Test worker] INFO org.springframework.boot.test.context.SpringBootTestContextBootstrapper - Using TestExecutionListeners: [org.springframework.test.context.web.ServletTestExecutionListener@1763a8e0, org.springframework.test.context.support.DirtiesContextBeforeModesTestExecutionListener@7dc676b4, org.springframework.test.context.event.ApplicationEventsTestExecutionListener@266bf4ec, org.springframework.boot.test.mock.mockito.MockitoTestExecutionListener@668ea426, org.springframework.boot.test.autoconfigure.SpringBootDependencyInjectionTestExecutionListener@6c2034bf, org.springframework.test.context.support.DirtiesContextTestExecutionListener@229d9c59, org.springframework.test.context.transaction.TransactionalTestExecutionListener@5b28d072, org.springframework.test.context.jdbc.SqlScriptsTestExecutionListener@4814f0a5, org.springframework.test.context.event.EventPublishingTestExecutionListener@25fcb0d4, org.springframework.boot.test.autoconfigure.restdocs.RestDocsTestExecutionListener@6bcd9f66, org.springframework.boot.test.autoconfigure.web.client.MockRestServiceServerResetTestExecutionListener@76fb792d, org.springframework.boot.test.autoconfigure.web.servlet.MockMvcPrintOnlyOnFailureTestExecutionListener@19852e8f, org.springframework.boot.test.autoconfigure.web.servlet.WebDriverTestExecutionListener@593f477b, org.springframework.boot.test.autoconfigure.webservices.client.MockWebServiceServerTestExecutionListener@5e0ec595, org.springframework.boot.test.mock.mockito.ResetMocksTestExecutionListener@7311fd68]
21:34:59.733 [Test worker] DEBUG org.springframework.test.context.support.AbstractDirtiesContextTestExecutionListener - Before test class: context [DefaultTestContext@615ceceb testClass = TestApplicationTests, testInstance = [null], testMethod = [null], testException = [null], mergedContextConfiguration = [WebMergedContextConfiguration@77a20ac9 testClass = TestApplicationTests, locations = '{}', classes = '{class com.example.test.TestApplication}', contextInitializerClasses = '[]', activeProfiles = '{}', propertySourceLocations = '{}', propertySourceProperties = '{org.springframework.boot.test.context.SpringBootTestContextBootstrapper=true}', contextCustomizers = set[org.springframework.boot.test.autoconfigure.actuate.metrics.MetricsExportContextCustomizerFactory$DisableMetricExportContextCustomizer@5beb5e3e, org.springframework.boot.test.autoconfigure.properties.PropertyMappingContextCustomizer@0, org.springframework.boot.test.autoconfigure.web.servlet.WebDriverContextCustomizerFactory$Customizer@164379c6, org.springframework.boot.test.context.filter.ExcludeFilterContextCustomizer@3e3f29dd, org.springframework.boot.test.json.DuplicateJsonObjectContextCustomizerFactory$DuplicateJsonObjectContextCustomizer@37430702, org.springframework.boot.test.mock.mockito.MockitoContextCustomizer@0, org.springframework.boot.test.web.client.TestRestTemplateContextCustomizer@50a856d8, org.springframework.boot.test.context.SpringBootTestArgs@1, org.springframework.boot.test.context.SpringBootTestWebEnvironment@4471f69f], resourceBasePath = 'src/main/webapp', contextLoader = 'org.springframework.boot.test.context.SpringBootContextLoader', parent = [null]], attributes = map['org.springframework.test.context.web.ServletTestExecutionListener.activateListener' -> true]], class annotated with @DirtiesContext [false] with mode [null].
21:34:59.786 [Test worker] DEBUG org.springframework.test.context.support.TestPropertySourceUtils - Adding inlined properties to environment: {spring.jmx.enabled=false, org.springframework.boot.test.context.SpringBootTestContextBootstrapper=true}

  .   ____          _            __ _ _
 /\\ / ___'_ __ _ _(_)_ __  __ _ \ \ \ \
( ( )\___ | '_ | '_| | '_ \/ _` | \ \ \ \
 \\/  ___)| |_)| | | | | || (_| |  ) ) ) )
  '  |____| .__|_| |_|_| |_\__, | / / / /
 =========|_|==============|___/=/_/_/_/
 :: Spring Boot ::                (v2.5.3)

2021-10-24 21:35:00.176  INFO 56068 --- [    Test worker] com.example.test.TestApplicationTests    : Starting TestApplicationTests using Java 11.0.11 on choejunseong-ui-MacBookPro.local with PID 56068 (started by backtony in /Users/backtony/Desktop/test)
2021-10-24 21:35:00.177  INFO 56068 --- [    Test worker] com.example.test.TestApplicationTests    : The following profiles are active: dev
2021-10-24 21:35:00.849  INFO 56068 --- [    Test worker] .s.d.r.c.RepositoryConfigurationDelegate : Bootstrapping Spring Data JPA repositories in DEFAULT mode.
2021-10-24 21:35:00.910  INFO 56068 --- [    Test worker] .s.d.r.c.RepositoryConfigurationDelegate : Finished Spring Data repository scanning in 53 ms. Found 1 JPA repository interfaces.
2021-10-24 21:35:01.510  INFO 56068 --- [    Test worker] o.hibernate.jpa.internal.util.LogHelper  : HHH000204: Processing PersistenceUnitInfo [name: default]
2021-10-24 21:35:01.568  INFO 56068 --- [    Test worker] org.hibernate.Version                    : HHH000412: Hibernate ORM core version 5.4.32.Final
2021-10-24 21:35:01.740  INFO 56068 --- [    Test worker] o.hibernate.annotations.common.Version   : HCANN000001: Hibernate Commons Annotations {5.1.2.Final}
2021-10-24 21:35:01.775 DEBUG 56068 --- [    Test worker] org.hibernate.type.BasicTypeRegistry     : Adding type registration boolean -> org.hibernate.type.BooleanType@5bb99f91
2021-10-24 21:35:01.776 DEBUG 56068 --- [    Test worker] org.hibernate.type.BasicTypeRegistry     : Adding type registration boolean -> org.hibernate.type.BooleanType@5bb99f91
2021-10-24 21:35:01.776 DEBUG 56068 --- [    Test worker] org.hibernate.type.BasicTypeRegistry     : Adding type registration java.lang.Boolean -> org.hibernate.type.BooleanType@5bb99f91
2021-10-24 21:35:01.777 DEBUG 56068 --- [    Test worker] org.hibernate.type.BasicTypeRegistry     : Adding type registration numeric_boolean -> org.hibernate.type.NumericBooleanType@baca1bc
2021-10-24 21:35:01.778 DEBUG 56068 --- [    Test worker] org.hibernate.type.BasicTypeRegistry     : Adding type registration true_false -> org.hibernate.type.TrueFalseType@5d5d6d3e
2021-10-24 21:35:01.778 DEBUG 56068 --- [    Test worker] org.hibernate.type.BasicTypeRegistry     : Adding type registration yes_no -> org.hibernate.type.YesNoType@fae9fee
2021-10-24 21:35:01.780 DEBUG 56068 --- [    Test worker] org.hibernate.type.BasicTypeRegistry     : Adding type registration byte -> org.hibernate.type.ByteType@36da8b73
2021-10-24 21:35:01.780 DEBUG 56068 --- [    Test worker] org.hibernate.type.BasicTypeRegistry     : Adding type registration byte -> org.hibernate.type.ByteType@36da8b73
2021-10-24 21:35:01.780 DEBUG 56068 --- [    Test worker] org.hibernate.type.BasicTypeRegistry     : Adding type registration java.lang.Byte -> org.hibernate.type.ByteType@36da8b73
2021-10-24 21:35:01.781 DEBUG 56068 --- [    Test worker] org.hibernate.type.BasicTypeRegistry     : Adding type registration character -> org.hibernate.type.CharacterType@317c780e
2021-10-24 21:35:01.781 DEBUG 56068 --- [    Test worker] org.hibernate.type.BasicTypeRegistry     : Adding type registration char -> org.hibernate.type.CharacterType@317c780e
2021-10-24 21:35:01.781 DEBUG 56068 --- [    Test worker] org.hibernate.type.BasicTypeRegistry     : Adding type registration java.lang.Character -> org.hibernate.type.CharacterType@317c780e
2021-10-24 21:35:01.783 DEBUG 56068 --- [    Test worker] org.hibernate.type.BasicTypeRegistry     : Adding type registration short -> org.hibernate.type.ShortType@6ed9d514
2021-10-24 21:35:01.783 DEBUG 56068 --- [    Test worker] org.hibernate.type.BasicTypeRegistry     : Adding type registration short -> org.hibernate.type.ShortType@6ed9d514
2021-10-24 21:35:01.783 DEBUG 56068 --- [    Test worker] org.hibernate.type.BasicTypeRegistry     : Adding type registration java.lang.Short -> org.hibernate.type.ShortType@6ed9d514
2021-10-24 21:35:01.784 DEBUG 56068 --- [    Test worker] org.hibernate.type.BasicTypeRegistry     : Adding type registration integer -> org.hibernate.type.IntegerType@4c0eaded
2021-10-24 21:35:01.784 DEBUG 56068 --- [    Test worker] org.hibernate.type.BasicTypeRegistry     : Adding type registration int -> org.hibernate.type.IntegerType@4c0eaded
2021-10-24 21:35:01.784 DEBUG 56068 --- [    Test worker] org.hibernate.type.BasicTypeRegistry     : Adding type registration java.lang.Integer -> org.hibernate.type.IntegerType@4c0eaded
2021-10-24 21:35:01.785 DEBUG 56068 --- [    Test worker] org.hibernate.type.BasicTypeRegistry     : Adding type registration long -> org.hibernate.type.LongType@5876bbb4
2021-10-24 21:35:01.786 DEBUG 56068 --- [    Test worker] org.hibernate.type.BasicTypeRegistry     : Adding type registration long -> org.hibernate.type.LongType@5876bbb4
2021-10-24 21:35:01.786 DEBUG 56068 --- [    Test worker] org.hibernate.type.BasicTypeRegistry     : Adding type registration java.lang.Long -> org.hibernate.type.LongType@5876bbb4
2021-10-24 21:35:01.787 DEBUG 56068 --- [    Test worker] org.hibernate.type.BasicTypeRegistry     : Adding type registration float -> org.hibernate.type.FloatType@6cc920a7
2021-10-24 21:35:01.787 DEBUG 56068 --- [    Test worker] org.hibernate.type.BasicTypeRegistry     : Adding type registration float -> org.hibernate.type.FloatType@6cc920a7
2021-10-24 21:35:01.787 DEBUG 56068 --- [    Test worker] org.hibernate.type.BasicTypeRegistry     : Adding type registration java.lang.Float -> org.hibernate.type.FloatType@6cc920a7
2021-10-24 21:35:01.788 DEBUG 56068 --- [    Test worker] org.hibernate.type.BasicTypeRegistry     : Adding type registration double -> org.hibernate.type.DoubleType@4ed949c8
2021-10-24 21:35:01.788 DEBUG 56068 --- [    Test worker] org.hibernate.type.BasicTypeRegistry     : Adding type registration double -> org.hibernate.type.DoubleType@4ed949c8
2021-10-24 21:35:01.788 DEBUG 56068 --- [    Test worker] org.hibernate.type.BasicTypeRegistry     : Adding type registration java.lang.Double -> org.hibernate.type.DoubleType@4ed949c8
2021-10-24 21:35:01.789 DEBUG 56068 --- [    Test worker] org.hibernate.type.BasicTypeRegistry     : Adding type registration big_decimal -> org.hibernate.type.BigDecimalType@1073ad16
2021-10-24 21:35:01.789 DEBUG 56068 --- [    Test worker] org.hibernate.type.BasicTypeRegistry     : Adding type registration java.math.BigDecimal -> org.hibernate.type.BigDecimalType@1073ad16
2021-10-24 21:35:01.791 DEBUG 56068 --- [    Test worker] org.hibernate.type.BasicTypeRegistry     : Adding type registration big_integer -> org.hibernate.type.BigIntegerType@37da8da0
2021-10-24 21:35:01.791 DEBUG 56068 --- [    Test worker] org.hibernate.type.BasicTypeRegistry     : Adding type registration java.math.BigInteger -> org.hibernate.type.BigIntegerType@37da8da0
2021-10-24 21:35:01.792 DEBUG 56068 --- [    Test worker] org.hibernate.type.BasicTypeRegistry     : Adding type registration string -> org.hibernate.type.StringType@2928e2a4
2021-10-24 21:35:01.793 DEBUG 56068 --- [    Test worker] org.hibernate.type.BasicTypeRegistry     : Adding type registration java.lang.String -> org.hibernate.type.StringType@2928e2a4
2021-10-24 21:35:01.793 DEBUG 56068 --- [    Test worker] org.hibernate.type.BasicTypeRegistry     : Adding type registration nstring -> org.hibernate.type.StringNVarcharType@504cc7b0
2021-10-24 21:35:01.794 DEBUG 56068 --- [    Test worker] org.hibernate.type.BasicTypeRegistry     : Adding type registration ncharacter -> org.hibernate.type.CharacterNCharType@3864b3ab
2021-10-24 21:35:01.795 DEBUG 56068 --- [    Test worker] org.hibernate.type.BasicTypeRegistry     : Adding type registration url -> org.hibernate.type.UrlType@492773e2
2021-10-24 21:35:01.795 DEBUG 56068 --- [    Test worker] org.hibernate.type.BasicTypeRegistry     : Adding type registration java.net.URL -> org.hibernate.type.UrlType@492773e2
2021-10-24 21:35:01.796 DEBUG 56068 --- [    Test worker] org.hibernate.type.BasicTypeRegistry     : Adding type registration Duration -> org.hibernate.type.DurationType@24abc9ee
2021-10-24 21:35:01.796 DEBUG 56068 --- [    Test worker] org.hibernate.type.BasicTypeRegistry     : Adding type registration java.time.Duration -> org.hibernate.type.DurationType@24abc9ee
2021-10-24 21:35:01.797 DEBUG 56068 --- [    Test worker] org.hibernate.type.BasicTypeRegistry     : Adding type registration Instant -> org.hibernate.type.InstantType@412bbee8
2021-10-24 21:35:01.798 DEBUG 56068 --- [    Test worker] org.hibernate.type.BasicTypeRegistry     : Adding type registration java.time.Instant -> org.hibernate.type.InstantType@412bbee8
2021-10-24 21:35:01.799 DEBUG 56068 --- [    Test worker] org.hibernate.type.BasicTypeRegistry     : Adding type registration LocalDateTime -> org.hibernate.type.LocalDateTimeType@351f2c8a
2021-10-24 21:35:01.799 DEBUG 56068 --- [    Test worker] org.hibernate.type.BasicTypeRegistry     : Adding type registration java.time.LocalDateTime -> org.hibernate.type.LocalDateTimeType@351f2c8a
2021-10-24 21:35:01.800 DEBUG 56068 --- [    Test worker] org.hibernate.type.BasicTypeRegistry     : Adding type registration LocalDate -> org.hibernate.type.LocalDateType@2d16f62d
2021-10-24 21:35:01.800 DEBUG 56068 --- [    Test worker] org.hibernate.type.BasicTypeRegistry     : Adding type registration java.time.LocalDate -> org.hibernate.type.LocalDateType@2d16f62d
2021-10-24 21:35:01.801 DEBUG 56068 --- [    Test worker] org.hibernate.type.BasicTypeRegistry     : Adding type registration LocalTime -> org.hibernate.type.LocalTimeType@21737268
2021-10-24 21:35:01.802 DEBUG 56068 --- [    Test worker] org.hibernate.type.BasicTypeRegistry     : Adding type registration java.time.LocalTime -> org.hibernate.type.LocalTimeType@21737268
2021-10-24 21:35:01.803 DEBUG 56068 --- [    Test worker] org.hibernate.type.BasicTypeRegistry     : Adding type registration OffsetDateTime -> org.hibernate.type.OffsetDateTimeType@ba443f4
2021-10-24 21:35:01.803 DEBUG 56068 --- [    Test worker] org.hibernate.type.BasicTypeRegistry     : Adding type registration java.time.OffsetDateTime -> org.hibernate.type.OffsetDateTimeType@ba443f4
2021-10-24 21:35:01.804 DEBUG 56068 --- [    Test worker] org.hibernate.type.BasicTypeRegistry     : Adding type registration OffsetTime -> org.hibernate.type.OffsetTimeType@6660a374
2021-10-24 21:35:01.805 DEBUG 56068 --- [    Test worker] org.hibernate.type.BasicTypeRegistry     : Adding type registration java.time.OffsetTime -> org.hibernate.type.OffsetTimeType@6660a374
2021-10-24 21:35:01.806 DEBUG 56068 --- [    Test worker] org.hibernate.type.BasicTypeRegistry     : Adding type registration ZonedDateTime -> org.hibernate.type.ZonedDateTimeType@603850d3
2021-10-24 21:35:01.806 DEBUG 56068 --- [    Test worker] org.hibernate.type.BasicTypeRegistry     : Adding type registration java.time.ZonedDateTime -> org.hibernate.type.ZonedDateTimeType@603850d3
2021-10-24 21:35:01.808 DEBUG 56068 --- [    Test worker] org.hibernate.type.BasicTypeRegistry     : Adding type registration date -> org.hibernate.type.DateType@27a9b997
2021-10-24 21:35:01.808 DEBUG 56068 --- [    Test worker] org.hibernate.type.BasicTypeRegistry     : Adding type registration java.sql.Date -> org.hibernate.type.DateType@27a9b997
2021-10-24 21:35:01.809 DEBUG 56068 --- [    Test worker] org.hibernate.type.BasicTypeRegistry     : Adding type registration time -> org.hibernate.type.TimeType@4b18e37b
2021-10-24 21:35:01.810 DEBUG 56068 --- [    Test worker] org.hibernate.type.BasicTypeRegistry     : Adding type registration java.sql.Time -> org.hibernate.type.TimeType@4b18e37b
2021-10-24 21:35:01.811 DEBUG 56068 --- [    Test worker] org.hibernate.type.BasicTypeRegistry     : Adding type registration timestamp -> org.hibernate.type.TimestampType@61a57ded
2021-10-24 21:35:01.811 DEBUG 56068 --- [    Test worker] org.hibernate.type.BasicTypeRegistry     : Adding type registration java.sql.Timestamp -> org.hibernate.type.TimestampType@61a57ded
2021-10-24 21:35:01.811 DEBUG 56068 --- [    Test worker] org.hibernate.type.BasicTypeRegistry     : Adding type registration java.util.Date -> org.hibernate.type.TimestampType@61a57ded
2021-10-24 21:35:01.813 DEBUG 56068 --- [    Test worker] org.hibernate.type.BasicTypeRegistry     : Adding type registration dbtimestamp -> org.hibernate.type.DbTimestampType@41bc1e1c
2021-10-24 21:35:01.814 DEBUG 56068 --- [    Test worker] org.hibernate.type.BasicTypeRegistry     : Adding type registration calendar -> org.hibernate.type.CalendarType@de49a95
2021-10-24 21:35:01.814 DEBUG 56068 --- [    Test worker] org.hibernate.type.BasicTypeRegistry     : Adding type registration java.util.Calendar -> org.hibernate.type.CalendarType@de49a95
2021-10-24 21:35:01.815 DEBUG 56068 --- [    Test worker] org.hibernate.type.BasicTypeRegistry     : Adding type registration java.util.GregorianCalendar -> org.hibernate.type.CalendarType@de49a95
2021-10-24 21:35:01.815 DEBUG 56068 --- [    Test worker] org.hibernate.type.BasicTypeRegistry     : Adding type registration calendar_date -> org.hibernate.type.CalendarDateType@203670ba
2021-10-24 21:35:01.816 DEBUG 56068 --- [    Test worker] org.hibernate.type.BasicTypeRegistry     : Adding type registration calendar_time -> org.hibernate.type.CalendarTimeType@5f1c8ae1
2021-10-24 21:35:01.818 DEBUG 56068 --- [    Test worker] org.hibernate.type.BasicTypeRegistry     : Adding type registration locale -> org.hibernate.type.LocaleType@9aa0601
2021-10-24 21:35:01.818 DEBUG 56068 --- [    Test worker] org.hibernate.type.BasicTypeRegistry     : Adding type registration java.util.Locale -> org.hibernate.type.LocaleType@9aa0601
2021-10-24 21:35:01.819 DEBUG 56068 --- [    Test worker] org.hibernate.type.BasicTypeRegistry     : Adding type registration currency -> org.hibernate.type.CurrencyType@4626d0c9
2021-10-24 21:35:01.819 DEBUG 56068 --- [    Test worker] org.hibernate.type.BasicTypeRegistry     : Adding type registration java.util.Currency -> org.hibernate.type.CurrencyType@4626d0c9
2021-10-24 21:35:01.820 DEBUG 56068 --- [    Test worker] org.hibernate.type.BasicTypeRegistry     : Adding type registration timezone -> org.hibernate.type.TimeZoneType@78243d9e
2021-10-24 21:35:01.820 DEBUG 56068 --- [    Test worker] org.hibernate.type.BasicTypeRegistry     : Adding type registration java.util.TimeZone -> org.hibernate.type.TimeZoneType@78243d9e
2021-10-24 21:35:01.821 DEBUG 56068 --- [    Test worker] org.hibernate.type.BasicTypeRegistry     : Adding type registration class -> org.hibernate.type.ClassType@4601a204
2021-10-24 21:35:01.821 DEBUG 56068 --- [    Test worker] org.hibernate.type.BasicTypeRegistry     : Adding type registration java.lang.Class -> org.hibernate.type.ClassType@4601a204
2021-10-24 21:35:01.822 DEBUG 56068 --- [    Test worker] org.hibernate.type.BasicTypeRegistry     : Adding type registration uuid-binary -> org.hibernate.type.UUIDBinaryType@69544e90
2021-10-24 21:35:01.822 DEBUG 56068 --- [    Test worker] org.hibernate.type.BasicTypeRegistry     : Adding type registration java.util.UUID -> org.hibernate.type.UUIDBinaryType@69544e90
2021-10-24 21:35:01.823 DEBUG 56068 --- [    Test worker] org.hibernate.type.BasicTypeRegistry     : Adding type registration uuid-char -> org.hibernate.type.UUIDCharType@1ac00512
2021-10-24 21:35:01.824 DEBUG 56068 --- [    Test worker] org.hibernate.type.BasicTypeRegistry     : Adding type registration binary -> org.hibernate.type.BinaryType@40a0b09a
2021-10-24 21:35:01.824 DEBUG 56068 --- [    Test worker] org.hibernate.type.BasicTypeRegistry     : Adding type registration byte[] -> org.hibernate.type.BinaryType@40a0b09a
2021-10-24 21:35:01.824 DEBUG 56068 --- [    Test worker] org.hibernate.type.BasicTypeRegistry     : Adding type registration [B -> org.hibernate.type.BinaryType@40a0b09a
2021-10-24 21:35:01.826 DEBUG 56068 --- [    Test worker] org.hibernate.type.BasicTypeRegistry     : Adding type registration wrapper-binary -> org.hibernate.type.WrapperBinaryType@4c39c0ae
2021-10-24 21:35:01.826 DEBUG 56068 --- [    Test worker] org.hibernate.type.BasicTypeRegistry     : Adding type registration Byte[] -> org.hibernate.type.WrapperBinaryType@4c39c0ae
2021-10-24 21:35:01.826 DEBUG 56068 --- [    Test worker] org.hibernate.type.BasicTypeRegistry     : Adding type registration [Ljava.lang.Byte; -> org.hibernate.type.WrapperBinaryType@4c39c0ae
2021-10-24 21:35:01.827 DEBUG 56068 --- [    Test worker] org.hibernate.type.BasicTypeRegistry     : Adding type registration row_version -> org.hibernate.type.RowVersionType@4a600ded
2021-10-24 21:35:01.828 DEBUG 56068 --- [    Test worker] org.hibernate.type.BasicTypeRegistry     : Adding type registration image -> org.hibernate.type.ImageType@507edc66
2021-10-24 21:35:01.829 DEBUG 56068 --- [    Test worker] org.hibernate.type.BasicTypeRegistry     : Adding type registration characters -> org.hibernate.type.CharArrayType@454cbc55
2021-10-24 21:35:01.829 DEBUG 56068 --- [    Test worker] org.hibernate.type.BasicTypeRegistry     : Adding type registration char[] -> org.hibernate.type.CharArrayType@454cbc55
2021-10-24 21:35:01.829 DEBUG 56068 --- [    Test worker] org.hibernate.type.BasicTypeRegistry     : Adding type registration [C -> org.hibernate.type.CharArrayType@454cbc55
2021-10-24 21:35:01.830 DEBUG 56068 --- [    Test worker] org.hibernate.type.BasicTypeRegistry     : Adding type registration wrapper-characters -> org.hibernate.type.CharacterArrayType@51b84312
2021-10-24 21:35:01.831 DEBUG 56068 --- [    Test worker] org.hibernate.type.BasicTypeRegistry     : Adding type registration [Ljava.lang.Character; -> org.hibernate.type.CharacterArrayType@51b84312
2021-10-24 21:35:01.831 DEBUG 56068 --- [    Test worker] org.hibernate.type.BasicTypeRegistry     : Adding type registration Character[] -> org.hibernate.type.CharacterArrayType@51b84312
2021-10-24 21:35:01.831 DEBUG 56068 --- [    Test worker] org.hibernate.type.BasicTypeRegistry     : Adding type registration text -> org.hibernate.type.TextType@5950f12e
2021-10-24 21:35:01.832 DEBUG 56068 --- [    Test worker] org.hibernate.type.BasicTypeRegistry     : Adding type registration ntext -> org.hibernate.type.NTextType@5e95081d
2021-10-24 21:35:01.833 DEBUG 56068 --- [    Test worker] org.hibernate.type.BasicTypeRegistry     : Adding type registration blob -> org.hibernate.type.BlobType@5844ac13
2021-10-24 21:35:01.834 DEBUG 56068 --- [    Test worker] org.hibernate.type.BasicTypeRegistry     : Adding type registration java.sql.Blob -> org.hibernate.type.BlobType@5844ac13
2021-10-24 21:35:01.834 DEBUG 56068 --- [    Test worker] org.hibernate.type.BasicTypeRegistry     : Adding type registration materialized_blob -> org.hibernate.type.MaterializedBlobType@7161637d
2021-10-24 21:35:01.836 DEBUG 56068 --- [    Test worker] org.hibernate.type.BasicTypeRegistry     : Adding type registration clob -> org.hibernate.type.ClobType@1b26ccca
2021-10-24 21:35:01.836 DEBUG 56068 --- [    Test worker] org.hibernate.type.BasicTypeRegistry     : Adding type registration java.sql.Clob -> org.hibernate.type.ClobType@1b26ccca
2021-10-24 21:35:01.837 DEBUG 56068 --- [    Test worker] org.hibernate.type.BasicTypeRegistry     : Adding type registration nclob -> org.hibernate.type.NClobType@4cef4907
2021-10-24 21:35:01.838 DEBUG 56068 --- [    Test worker] org.hibernate.type.BasicTypeRegistry     : Adding type registration java.sql.NClob -> org.hibernate.type.NClobType@4cef4907
2021-10-24 21:35:01.838 DEBUG 56068 --- [    Test worker] org.hibernate.type.BasicTypeRegistry     : Adding type registration materialized_clob -> org.hibernate.type.MaterializedClobType@12e1d58c
2021-10-24 21:35:01.839 DEBUG 56068 --- [    Test worker] org.hibernate.type.BasicTypeRegistry     : Adding type registration materialized_nclob -> org.hibernate.type.MaterializedNClobType@57b9b907
2021-10-24 21:35:01.840 DEBUG 56068 --- [    Test worker] org.hibernate.type.BasicTypeRegistry     : Adding type registration serializable -> org.hibernate.type.SerializableType@c64a567
2021-10-24 21:35:01.844 DEBUG 56068 --- [    Test worker] org.hibernate.type.BasicTypeRegistry     : Adding type registration object -> org.hibernate.type.ObjectType@585e5cc8
2021-10-24 21:35:01.844 DEBUG 56068 --- [    Test worker] org.hibernate.type.BasicTypeRegistry     : Adding type registration java.lang.Object -> org.hibernate.type.ObjectType@585e5cc8
2021-10-24 21:35:01.845 DEBUG 56068 --- [    Test worker] org.hibernate.type.BasicTypeRegistry     : Adding type registration imm_date -> org.hibernate.type.AdaptedImmutableType@5b7b97f3
2021-10-24 21:35:01.845 DEBUG 56068 --- [    Test worker] org.hibernate.type.BasicTypeRegistry     : Adding type registration imm_time -> org.hibernate.type.AdaptedImmutableType@7769f078
2021-10-24 21:35:01.845 DEBUG 56068 --- [    Test worker] org.hibernate.type.BasicTypeRegistry     : Adding type registration imm_timestamp -> org.hibernate.type.AdaptedImmutableType@5173c105
2021-10-24 21:35:01.846 DEBUG 56068 --- [    Test worker] org.hibernate.type.BasicTypeRegistry     : Adding type registration imm_dbtimestamp -> org.hibernate.type.AdaptedImmutableType@694a37dc
2021-10-24 21:35:01.846 DEBUG 56068 --- [    Test worker] org.hibernate.type.BasicTypeRegistry     : Adding type registration imm_calendar -> org.hibernate.type.AdaptedImmutableType@6e09e109
2021-10-24 21:35:01.846 DEBUG 56068 --- [    Test worker] org.hibernate.type.BasicTypeRegistry     : Adding type registration imm_calendar_date -> org.hibernate.type.AdaptedImmutableType@565b3680
2021-10-24 21:35:01.846 DEBUG 56068 --- [    Test worker] org.hibernate.type.BasicTypeRegistry     : Adding type registration imm_binary -> org.hibernate.type.AdaptedImmutableType@196fbea7
2021-10-24 21:35:01.846 DEBUG 56068 --- [    Test worker] org.hibernate.type.BasicTypeRegistry     : Adding type registration imm_serializable -> org.hibernate.type.AdaptedImmutableType@21238e81
2021-10-24 21:35:01.897  INFO 56068 --- [    Test worker] com.zaxxer.hikari.HikariDataSource       : HikariPool-1 - Starting...
2021-10-24 21:35:02.105  INFO 56068 --- [    Test worker] com.zaxxer.hikari.HikariDataSource       : HikariPool-1 - Start completed.
2021-10-24 21:35:02.152  INFO 56068 --- [    Test worker] org.hibernate.dialect.Dialect            : HHH000400: Using dialect: org.hibernate.dialect.H2Dialect
2021-10-24 21:35:02.248 DEBUG 56068 --- [    Test worker] o.h.type.spi.TypeConfiguration$Scope     : Scoping TypeConfiguration [org.hibernate.type.spi.TypeConfiguration@63322753] to MetadataBuildingContext [org.hibernate.boot.internal.MetadataBuildingContextRootImpl@6536b8b4]
2021-10-24 21:35:02.503 DEBUG 56068 --- [    Test worker] o.h.type.spi.TypeConfiguration$Scope     : Scoping TypeConfiguration [org.hibernate.type.spi.TypeConfiguration@63322753] to SessionFactoryImpl [org.hibernate.internal.SessionFactoryImpl@157b0bee]
2021-10-24 21:35:02.839 DEBUG 56068 --- [    Test worker] org.hibernate.SQL                        : 
    
    drop table if exists member CASCADE 
2021-10-24 21:35:02.840 DEBUG 56068 --- [    Test worker] org.hibernate.SQL                        : 
    
    drop sequence if exists hibernate_sequence
2021-10-24 21:35:02.843 DEBUG 56068 --- [    Test worker] org.hibernate.SQL                        : create sequence hibernate_sequence start with 1 increment by 1
2021-10-24 21:35:02.845 DEBUG 56068 --- [    Test worker] org.hibernate.SQL                        : 
    
    create table member (
       id bigint not null,
        name varchar(255),
        phone varchar(255),
        primary key (id)
    )
2021-10-24 21:35:02.852  INFO 56068 --- [    Test worker] o.h.e.t.j.p.i.JtaPlatformInitiator       : HHH000490: Using JtaPlatform implementation: [org.hibernate.engine.transaction.jta.platform.internal.NoJtaPlatform]
2021-10-24 21:35:02.861 TRACE 56068 --- [    Test worker] o.h.type.spi.TypeConfiguration$Scope     : Handling #sessionFactoryCreated from [org.hibernate.internal.SessionFactoryImpl@157b0bee] for TypeConfiguration
2021-10-24 21:35:02.863  INFO 56068 --- [    Test worker] j.LocalContainerEntityManagerFactoryBean : Initialized JPA EntityManagerFactory for persistence unit 'default'
2021-10-24 21:35:03.580  WARN 56068 --- [    Test worker] JpaBaseConfiguration$JpaWebConfiguration : spring.jpa.open-in-view is enabled by default. Therefore, database queries may be performed during view rendering. Explicitly configure spring.jpa.open-in-view to disable this warning
2021-10-24 21:35:04.165  INFO 56068 --- [    Test worker] com.example.test.TestApplicationTests    : Started TestApplicationTests in 4.37 seconds (JVM running for 5.852)
]]></system-out>
  <system-err><![CDATA[]]></system-err>
</testsuite>
